{"C:\\Users\\sheha\\OneDrive\\Desktop\\project\\garbage_collector\\src\\screen\\client_tab\\winningInfoTab.js": {"path":"C:\\Users\\sheha\\OneDrive\\Desktop\\project\\garbage_collector\\src\\screen\\client_tab\\winningInfoTab.js","statementMap":{"0":{"start":{"line":6,"column":20},"end":{"line":21,"column":1}},"1":{"start":{"line":7,"column":4},"end":{"line":9,"column":10}},"2":{"start":{"line":12,"column":4},"end":{"line":20,"column":5}},"3":{"start":{"line":23,"column":14},"end":{"line":50,"column":2}}},"fnMap":{"0":{"name":"(anonymous_0)","decl":{"start":{"line":6,"column":20},"end":{"line":6,"column":21}},"loc":{"start":{"line":6,"column":36},"end":{"line":21,"column":1}},"line":6},"1":{"name":"(anonymous_1)","decl":{"start":{"line":7,"column":14},"end":{"line":7,"column":15}},"loc":{"start":{"line":7,"column":18},"end":{"line":9,"column":5}},"line":7}},"branchMap":{},"s":{"0":1,"1":1,"2":1,"3":1},"f":{"0":1,"1":1},"b":{},"_coverageSchema":"1a1c01bbd47fc00a2c39e90264f33305004495a9","hash":"137e2c316eebf669b8e83b7c297865ca5d0cc4c6"}
}
